<?xml version="1.0" encoding="UTF-8"?>
<!-- Generated by org.testng.reporters.JUnitReportReporter -->
<testsuite hostname="DESKTOP-QG2G1H1" failures="0" tests="1" name="com.logical.Demo" time="6.905" errors="0" timestamp="2024-04-30T21:54:14 IST" skipped="0">
  <testcase classname="com.logical.Demo" name="launchBrowser" time="6.905"/>
  <system-out/>
</testsuite> <!-- com.logical.Demo -->
